<?xml version="1.0" encoding="UTF-8"?>
<!-- Generated by org.testng.reporters.JUnitXMLReporter -->
<testsuite ignored="0" hostname="LTIN198528" failures="1" tests="2" name="Default test" time="154.498" errors="0" timestamp="2024-03-12T16:21:17 IST">
  <testcase classname="io.cucumber.testng.AbstractTestNGCucumberTests" name="runScenario" time="17.228"/>
  <testcase classname="io.cucumber.testng.AbstractTestNGCucumberTests" name="runScenario" time="136.431">
    <failure type="java.lang.AssertionError" message="3 links from the top navigation are broken - [https://cognizantonline.sharepoint.com/sites/Be.Cognizant/SitePages/Apps--A-Z.aspx, https://cognizantonline.sharepoint.com/sites/Be.Cognizant/SitePages/Home.aspx, https://cognizantonline.sharepoint.com/sites/Be.Cognizant/_layouts/15/search.aspx/people?]">
      <![CDATA[java.lang.AssertionError: 3 links from the top navigation are broken - [https://cognizantonline.sharepoint.com/sites/Be.Cognizant/SitePages/Apps--A-Z.aspx, https://cognizantonline.sharepoint.com/sites/Be.Cognizant/SitePages/Home.aspx, https://cognizantonline.sharepoint.com/sites/Be.Cognizant/_layouts/15/search.aspx/people?]
at step_definations.Navigation.all_links_should_work(Navigation.java:98)
at ✽.all links should work(file:///C:/Users/2308990/eclipse-workspace/be-cognizant-home-page-header-view/src/test/resources/features/Navigation.feature:14)
]]>
    </failure>
  </testcase> <!-- runScenario -->
</testsuite> <!-- Default test -->
